<?xml version="1.0" encoding="UTF-8"?>
<testng-results ignored="0" total="1" passed="1" failed="0" skipped="0">
  <reporter-output>
  </reporter-output>
  <suite started-at="2023-03-01T21:12:42 IST" name="Default suite" finished-at="2023-03-01T21:12:51 IST" duration-ms="9032">
    <groups>
    </groups>
    <test started-at="2023-03-01T21:12:42 IST" name="Default test" finished-at="2023-03-01T21:12:51 IST" duration-ms="9032">
      <class name="TestCase.Test_Runner">
        <test-method signature="testrunner()[pri:0, instance:TestCase.Test_Runner@2fd1433e]" started-at="2023-03-01T21:12:42 IST" name="testrunner" finished-at="2023-03-01T21:12:51 IST" duration-ms="9014" status="PASS">
          <reporter-output>
          </reporter-output>
        </test-method> <!-- testrunner -->
      </class> <!-- TestCase.Test_Runner -->
    </test> <!-- Default test -->
  </suite> <!-- Default suite -->
</testng-results>
